2017-09-18 09:01:41,273;[1];INFO ;IngeniBridge.GenerateFullInventory.Program;IngeniBridge.GenerateFullInventory v1.0.0.16244 -- Copyright © 2016 Deagital
2017-09-18 09:01:41,311;[1];INFO ;IngeniBridge.GenerateFullInventory.Program;INgeniBridgeDBFile => ..\..\IngeniBridge.Sample.MyCompany\IngeniBridge.Samples.MyCompany\MasterAssetMyCompany_2017_07_27.ibdb
2017-09-18 09:01:41,311;[1];INFO ;IngeniBridge.GenerateFullInventory.Program;InventoryFilee => InventoryFileIB.xlsx
2017-09-18 09:01:41,326;[1];ERROR;IngeniBridge.GenerateFullInventory.Program;System.IO.FileNotFoundException: Le fichier 'C:\Users\jose.torres\GitHub\IngeniBridge\IngeniBridge.Sample.MyCompany\IngeniBridge.Samples.MyCompany\MasterAssetMyCompany_2017_07_27.ibdb' est introuvable.
Nom de fichier : 'C:\Users\jose.torres\GitHub\IngeniBridge\IngeniBridge.Sample.MyCompany\IngeniBridge.Samples.MyCompany\MasterAssetMyCompany_2017_07_27.ibdb'
   à System.IO.__Error.WinIOError(Int32 errorCode, String maybeFullPath)
   à System.IO.FileStream.Init(String path, FileMode mode, FileAccess access, Int32 rights, Boolean useRights, FileShare share, Int32 bufferSize, FileOptions options, SECURITY_ATTRIBUTES secAttrs, String msgPath, Boolean bFromProxy, Boolean useLongPath, Boolean checkHost)
   à System.IO.FileStream..ctor(String path, FileMode mode, FileAccess access)
   à IngeniBridge.Core.StagingData.Serializer.DeserializeTree(String filename)
   à IngeniBridge.GenerateFullInventory.Program.Main(String[] args) dans C:\Users\jose.torres\GitHub\IngeniBridge\IngeniBridge.Programs\IngeniBridge.GenerateFullInventory\Program.cs:ligne 39
2017-09-18 09:01:41,341;[1];ERROR;IngeniBridge.GenerateFullInventory.Program;Terminated FAILED.
2017-09-18 09:02:51,831;[1];INFO ;IngeniBridge.GenerateFullInventory.Program;IngeniBridge.GenerateFullInventory v1.0.0.16244 -- Copyright © 2016 Deagital
2017-09-18 09:02:51,863;[1];INFO ;IngeniBridge.GenerateFullInventory.Program;INgeniBridgeDBFile => ..\..\IngeniBridge.Sample.MyCompany\IngeniBridge.Samples.MyCompany\MasterAssetMyCompany_2017_09_18.ibdb
2017-09-18 09:02:51,864;[1];INFO ;IngeniBridge.GenerateFullInventory.Program;InventoryFilee => InventoryFileIB.xlsx
2017-09-18 09:02:52,670;[1];INFO ;IngeniBridge.GenerateFullInventory.Program;DataModel Name => MyCompanyDataModel
2017-09-18 09:02:52,672;[1];INFO ;IngeniBridge.GenerateFullInventory.Program;DataModel Date => 18/09/2017 09:00:43
2017-09-18 09:02:52,672;[1];INFO ;IngeniBridge.GenerateFullInventory.Program;DataModel Version Major => 1
2017-09-18 09:02:52,672;[1];INFO ;IngeniBridge.GenerateFullInventory.Program;DataModel Version Minor => 0
2017-09-18 09:02:52,672;[1];INFO ;IngeniBridge.GenerateFullInventory.Program;DataModel Version Build => 6
2017-09-18 09:02:53,432;[1];INFO ;IngeniBridge.GenerateFullInventory.Program;Terminated OK.
2018-01-23 08:25:46,316;[1];INFO ;IngeniBridge.GenerateFullInventory.Program;IngeniBridge.GenerateFullInventory v1.0.0.15141 -- Copyright © 2016 Deagital
2018-01-23 08:25:46,404;[1];INFO ;IngeniBridge.GenerateFullInventory.Program;INgeniBridgeDBFile => ..\..\IngeniBridge.Sample.MyCompany\IngeniBridge.Samples.MyCompany\MasterAssetMyCompany_2017_09_18.ibdb
2018-01-23 08:25:46,404;[1];INFO ;IngeniBridge.GenerateFullInventory.Program;InventoryFilee => InventoryFileIB.xlsx
2018-01-23 08:25:47,132;[1];INFO ;IngeniBridge.GenerateFullInventory.Program;DataModel Name => MyCompanyDataModel
2018-01-23 08:25:47,138;[1];INFO ;IngeniBridge.GenerateFullInventory.Program;DataModel Date => 18/09/2017 09:05:06
2018-01-23 08:25:47,139;[1];INFO ;IngeniBridge.GenerateFullInventory.Program;DataModel Version Major => 1
2018-01-23 08:25:47,140;[1];INFO ;IngeniBridge.GenerateFullInventory.Program;DataModel Version Minor => 0
2018-01-23 08:25:47,140;[1];INFO ;IngeniBridge.GenerateFullInventory.Program;DataModel Version Build => 6
2018-01-23 08:25:48,362;[1];INFO ;IngeniBridge.GenerateFullInventory.Program;Terminated OK.
2018-06-19 16:07:29,655;[1];INFO ;IngeniBridge.GenerateFullInventory.Program;Starting IngeniBridge.GenerateFullInventory v1.0.0.28873
2018-06-19 16:07:29,672;[1];INFO ;IngeniBridge.GenerateFullInventory.Program;StorageAccessorAssembly => IngeniBridge.StorageAccessor.InMemory.dll
2018-06-19 16:07:29,673;[1];INFO ;IngeniBridge.GenerateFullInventory.Program;IBDatabase => ..\..\IngeniBridge.Sample.MyCompany\IngeniBridge.Samples.MyCompany\MasterAssetMyCompany_2018_06_19.ibdb
2018-06-19 16:07:29,673;[1];INFO ;IngeniBridge.GenerateFullInventory.Program;InventoryFile => InventoryFileIB.xlsx
2018-06-19 16:07:29,818;[1];INFO ;IngeniBridge.GenerateFullInventory.Program;DataModel Name => MyCompanyDataModel
2018-06-19 16:07:29,819;[1];INFO ;IngeniBridge.GenerateFullInventory.Program;DataModel Date => 19/06/2018 15:46:58
2018-06-19 16:07:29,819;[1];INFO ;IngeniBridge.GenerateFullInventory.Program;DataModel Version Majour => 1
2018-06-19 16:07:29,820;[1];INFO ;IngeniBridge.GenerateFullInventory.Program;DataModel Version Minor => 0
2018-06-19 16:07:29,820;[1];INFO ;IngeniBridge.GenerateFullInventory.Program;DataModel Version Build => 8
2018-06-19 16:07:30,128;[1];INFO ;IngeniBridge.GenerateFullInventory.Program;Terminé OK.
2018-06-22 22:54:55,367;[1];INFO ;IngeniBridge.GenerateFullInventory.Program;Starting IngeniBridge.GenerateFullInventory v1.0.0.41230
2018-06-22 22:54:55,381;[1];INFO ;IngeniBridge.GenerateFullInventory.Program;StorageAccessorAssembly => IngeniBridge.StorageAccessor.InMemory.dll
2018-06-22 22:54:55,381;[1];INFO ;IngeniBridge.GenerateFullInventory.Program;IBDatabase => ..\..\IngeniBridge.Sample.MyCompany\IngeniBridge.Samples.MyCompany\MasterAssetMyCompany_2018_06_22.ibdb
2018-06-22 22:54:55,381;[1];INFO ;IngeniBridge.GenerateFullInventory.Program;InventoryFile => InventoryFileIB.xlsx
2018-06-22 22:54:55,535;[1];INFO ;IngeniBridge.GenerateFullInventory.Program;DataModel Name => MyCompanyDataModel
2018-06-22 22:54:55,537;[1];INFO ;IngeniBridge.GenerateFullInventory.Program;DataModel Date => 22/06/2018 22:52:19
2018-06-22 22:54:55,537;[1];INFO ;IngeniBridge.GenerateFullInventory.Program;DataModel Version Majour => 1
2018-06-22 22:54:55,538;[1];INFO ;IngeniBridge.GenerateFullInventory.Program;DataModel Version Minor => 0
2018-06-22 22:54:55,538;[1];INFO ;IngeniBridge.GenerateFullInventory.Program;DataModel Version Build => 8
2018-06-22 22:54:56,125;[1];INFO ;IngeniBridge.GenerateFullInventory.Program;Terminé OK.
2018-06-23 08:02:58,451;[1];INFO ;IngeniBridge.GenerateFullInventory.Program;Starting IngeniBridge.GenerateFullInventory v1.0.0.41230
2018-06-23 08:02:58,467;[1];INFO ;IngeniBridge.GenerateFullInventory.Program;StorageAccessorAssembly => IngeniBridge.StorageAccessor.InMemory.dll
2018-06-23 08:02:58,467;[1];INFO ;IngeniBridge.GenerateFullInventory.Program;IBDatabase => ..\..\IngeniBridge.Sample.MyCompany\IngeniBridge.Samples.MyCompany\MasterAssetMyCompany_2018_06_23.ibdb
2018-06-23 08:02:58,467;[1];INFO ;IngeniBridge.GenerateFullInventory.Program;InventoryFile => InventoryFileIB.xlsx
2018-06-23 08:02:58,839;[1];INFO ;IngeniBridge.GenerateFullInventory.Program;DataModel Name => MyCompanyDataModel
2018-06-23 08:02:58,840;[1];INFO ;IngeniBridge.GenerateFullInventory.Program;DataModel Date => 23/06/2018 08:02:05
2018-06-23 08:02:58,841;[1];INFO ;IngeniBridge.GenerateFullInventory.Program;DataModel Version Majour => 1
2018-06-23 08:02:58,841;[1];INFO ;IngeniBridge.GenerateFullInventory.Program;DataModel Version Minor => 0
2018-06-23 08:02:58,841;[1];INFO ;IngeniBridge.GenerateFullInventory.Program;DataModel Version Build => 8
2018-06-23 08:02:59,442;[1];INFO ;IngeniBridge.GenerateFullInventory.Program;Terminé OK.
2018-08-25 06:50:22,879;[1];INFO ;IngeniBridge.GenerateFullInventory.Program;Starting IngeniBridge.GenerateFullInventory v1.0.0.12104
2018-08-25 06:50:22,894;[1];INFO ;IngeniBridge.GenerateFullInventory.Program;StorageAccessorAssembly => IngeniBridge.StorageAccessor.InMemory.dll
2018-08-25 06:50:22,894;[1];INFO ;IngeniBridge.GenerateFullInventory.Program;IBDatabase => ..\..\IngeniBridge.Sample.MyCompany\IngeniBridge.Samples.MyCompany\MasterAssetMyCompany_2018_08_25.ibdb
2018-08-25 06:50:22,894;[1];INFO ;IngeniBridge.GenerateFullInventory.Program;InventoryFile => InventoryFileIB.xlsx
2018-08-25 06:50:23,167;[1];INFO ;IngeniBridge.GenerateFullInventory.Program;DataModel Name => MyCompanyDataModel
2018-08-25 06:50:23,169;[1];INFO ;IngeniBridge.GenerateFullInventory.Program;DataModel Date => 25/08/2018 06:38:25
2018-08-25 06:50:23,169;[1];INFO ;IngeniBridge.GenerateFullInventory.Program;DataModel Version Majour => 1
2018-08-25 06:50:23,169;[1];INFO ;IngeniBridge.GenerateFullInventory.Program;DataModel Version Minor => 0
2018-08-25 06:50:23,169;[1];INFO ;IngeniBridge.GenerateFullInventory.Program;DataModel Version Build => 8
2018-08-25 06:50:23,630;[1];INFO ;IngeniBridge.GenerateFullInventory.Program;Terminé OK.
