2017-12-13 21:42:31,618;[1];INFO ;IngeniBridge.IBDatabaseParser.Program;IngeniBridge.IBDatabaseParser v1.0.0.0 -- Copyright ©  2017
2017-12-13 21:42:31,712;[1];INFO ;IngeniBridge.IBDatabaseParser.Program;INgeniBridgeDBFile => ..\..\IngeniBridge.Sample.MyCompany\IngeniBridge.Samples.MyCompany\MasterAssetMyCompany_2017_09_18.ibdb
2017-12-13 21:42:33,729;[1];INFO ;IngeniBridge.IBDatabaseParser.Program;DataModel Name => MyCompanyDataModel
2017-12-13 21:42:33,729;[1];INFO ;IngeniBridge.IBDatabaseParser.Program;DataModel Date => 18/09/2017 09:05:06
2017-12-13 21:42:33,729;[1];INFO ;IngeniBridge.IBDatabaseParser.Program;DataModel Version Major => 1
2017-12-13 21:42:33,729;[1];INFO ;IngeniBridge.IBDatabaseParser.Program;DataModel Version Minor => 0
2017-12-13 21:42:33,729;[1];INFO ;IngeniBridge.IBDatabaseParser.Program;DataModel Version Build => 6
2017-12-13 21:42:34,385;[1];INFO ;IngeniBridge.IBDatabaseParser.Program;Terminated OK.
2018-01-23 08:27:50,470;[1];INFO ;IngeniBridge.IBDatabaseParser.Program;IngeniBridge.IBDatabaseParser v1.0.0.0 -- Copyright ©  2017
2018-01-23 08:27:50,536;[1];INFO ;IngeniBridge.IBDatabaseParser.Program;INgeniBridgeDBFile => ..\..\IngeniBridge.Sample.MyCompany\IngeniBridge.Samples.MyCompany\MasterAssetMyCompany_2017_09_18.ibdb
2018-01-23 08:27:50,800;[1];INFO ;IngeniBridge.IBDatabaseParser.Program;DataModel Name => MyCompanyDataModel
2018-01-23 08:27:50,802;[1];INFO ;IngeniBridge.IBDatabaseParser.Program;DataModel Date => 18/09/2017 09:05:06
2018-01-23 08:27:50,802;[1];INFO ;IngeniBridge.IBDatabaseParser.Program;DataModel Version Major => 1
2018-01-23 08:27:50,802;[1];INFO ;IngeniBridge.IBDatabaseParser.Program;DataModel Version Minor => 0
2018-01-23 08:27:50,802;[1];INFO ;IngeniBridge.IBDatabaseParser.Program;DataModel Version Build => 6
2018-01-23 08:27:51,107;[1];INFO ;IngeniBridge.IBDatabaseParser.Program;Terminated OK.
2018-01-23 08:29:28,571;[1];INFO ;IngeniBridge.IBDatabaseParser.Program;IngeniBridge.IBDatabaseParser v1.0.0.0 -- Copyright ©  2017
2018-01-23 08:29:28,612;[1];INFO ;IngeniBridge.IBDatabaseParser.Program;INgeniBridgeDBFile => ..\..\IngeniBridge.Sample.MyCompany\IngeniBridge.Samples.MyCompany\MasterAssetMyCompany_2017_09_18.ibdb
2018-01-23 08:29:28,864;[1];INFO ;IngeniBridge.IBDatabaseParser.Program;DataModel Name => MyCompanyDataModel
2018-01-23 08:29:28,866;[1];INFO ;IngeniBridge.IBDatabaseParser.Program;DataModel Date => 18/09/2017 09:05:06
2018-01-23 08:29:28,867;[1];INFO ;IngeniBridge.IBDatabaseParser.Program;DataModel Version Major => 1
2018-01-23 08:29:28,867;[1];INFO ;IngeniBridge.IBDatabaseParser.Program;DataModel Version Minor => 0
2018-01-23 08:29:28,867;[1];INFO ;IngeniBridge.IBDatabaseParser.Program;DataModel Version Build => 6
2018-01-23 08:29:29,246;[1];INFO ;IngeniBridge.IBDatabaseParser.Program;Terminated OK.
